2023-02-20 19:20:42 INFO  AdactinHotelApp:38 - ************ Launch Chrome Browser*********
2023-02-20 19:20:50 INFO  AdactinHotelApp:48 - ************ Launch Adactin Application*********
2023-02-20 19:20:56 INFO  AdactinHotelApp:59 - ************Adactin LoginPage*********
2023-02-20 19:21:03 INFO  AdactinHotelApp:77 - ************Adactin Search Hotel Page*********
2023-02-20 19:21:08 INFO  AdactinHotelApp:84 - ************Adactin Hotel Summaery Page*********
2023-02-20 19:21:18 INFO  AdactinHotelApp:104 - ************Adactin Customer Information*********
2023-02-20 19:21:19 INFO  AdactinHotelApp:114 - ************Adactin Booking Confirmation*********
2023-02-20 19:21:32 INFO  AdactinHotelApp:128 - ************Adactin Cancel Booking*********
2023-02-20 19:21:33 INFO  AdactinHotelApp:134 - ************Close Browser*********
2023-02-20 19:54:20 INFO  AdactinHotelApp:39 - ************ Launch Chrome Browser*********
2023-02-20 19:54:28 INFO  AdactinHotelApp:49 - ************ Launch Adactin Application*********
2023-02-20 19:54:33 INFO  AdactinHotelApp:60 - ************Adactin LoginPage*********
2023-02-20 19:54:40 INFO  AdactinHotelApp:78 - ************Adactin Search Hotel Page*********
2023-02-20 19:54:44 INFO  AdactinHotelApp:85 - ************Adactin Hotel Summaery Page*********
2023-02-20 19:54:54 INFO  AdactinHotelApp:105 - ************Adactin Customer Information*********
2023-02-20 19:54:56 INFO  AdactinHotelApp:115 - ************Adactin Booking Confirmation*********
2023-02-20 19:55:09 INFO  AdactinHotelApp:129 - ************Adactin Cancel Booking*********
2023-02-20 19:55:09 INFO  AdactinHotelApp:135 - ************Close Browser*********
2023-02-20 19:58:59 INFO  AdactinHotelApp:38 - ************ Launch Chrome Browser*********
2023-02-20 19:59:06 INFO  AdactinHotelApp:48 - ************ Launch Adactin Application*********
2023-02-20 19:59:12 INFO  AdactinHotelApp:59 - ************Adactin LoginPage*********
2023-02-20 19:59:18 INFO  AdactinHotelApp:77 - ************Adactin Search Hotel Page*********
2023-02-20 19:59:22 INFO  AdactinHotelApp:84 - ************Adactin Hotel Summary Page*********
2023-02-20 19:59:32 INFO  AdactinHotelApp:104 - ************Adactin Customer Information*********
2023-02-20 19:59:34 INFO  AdactinHotelApp:114 - ************Adactin Booking Confirmation*********
2023-02-20 19:59:47 INFO  AdactinHotelApp:128 - ************Adactin Cancel Booking*********
2023-02-20 19:59:47 INFO  AdactinHotelApp:134 - ************Close Browser*********
2023-02-20 20:21:28 INFO  AdactinHotelApp:38 - ************ Launch Chrome Browser*********
2023-02-20 20:21:36 INFO  AdactinHotelApp:48 - ************ Launch Adactin Application*********
2023-02-20 20:21:42 INFO  AdactinHotelApp:59 - ************Adactin LoginPage*********
2023-02-20 20:21:48 INFO  AdactinHotelApp:77 - ************Adactin Search Hotel Page*********
2023-02-20 20:21:53 INFO  AdactinHotelApp:84 - ************Adactin Hotel Summary Page*********
2023-02-20 20:22:03 INFO  AdactinHotelApp:104 - ************Adactin Customer Information*********
2023-02-20 20:22:04 INFO  AdactinHotelApp:114 - ************Adactin Booking Confirmation*********
2023-02-20 20:22:19 INFO  AdactinHotelApp:128 - ************Adactin Cancel Booking*********
2023-02-20 20:22:20 INFO  AdactinHotelApp:134 - ************Close Browser*********
2023-02-20 20:28:39 INFO  AdactinHotelApp:38 - ************ Launch Chrome Browser*********
2023-02-20 20:28:46 INFO  AdactinHotelApp:48 - ************ Launch Adactin Application*********
2023-02-20 20:28:52 INFO  AdactinHotelApp:59 - ************Adactin LoginPage*********
2023-02-20 20:29:05 INFO  AdactinHotelApp:128 - ************Adactin Cancel Booking*********
2023-02-20 20:29:05 INFO  AdactinHotelApp:134 - ************Close Browser*********
2023-02-20 20:39:28 INFO  AdactinHotelApp:38 - ************ Launch Chrome Browser*********
2023-02-20 20:39:36 INFO  AdactinHotelApp:48 - ************ Launch Adactin Application*********
2023-02-20 20:39:42 INFO  AdactinHotelApp:59 - ************Adactin LoginPage*********
2023-02-20 20:39:55 INFO  AdactinHotelApp:128 - ************Adactin Cancel Booking*********
2023-02-20 20:39:55 INFO  AdactinHotelApp:134 - ************Close Browser*********
2023-02-20 20:41:05 INFO  AdactinHotelApp:38 - ************ Launch Chrome Browser*********
2023-02-20 20:41:11 INFO  AdactinHotelApp:48 - ************ Launch Adactin Application*********
2023-02-20 20:41:18 INFO  AdactinHotelApp:59 - ************Adactin LoginPage*********
2023-02-20 20:41:32 INFO  AdactinHotelApp:128 - ************Adactin Cancel Booking*********
2023-02-20 20:41:32 INFO  AdactinHotelApp:134 - ************Close Browser*********
2023-02-20 23:18:25 INFO  AdactinHotelApp:38 - ************ Launch Chrome Browser*********
2023-02-20 23:18:32 INFO  AdactinHotelApp:48 - ************ Launch Adactin Application*********
2023-02-20 23:18:37 INFO  AdactinHotelApp:59 - ************Adactin LoginPage*********
2023-02-20 23:18:44 INFO  AdactinHotelApp:77 - ************Adactin Search Hotel Page*********
2023-02-20 23:18:48 INFO  AdactinHotelApp:84 - ************Adactin Hotel Summary Page*********
2023-02-20 23:18:58 INFO  AdactinHotelApp:104 - ************Adactin Customer Information*********
2023-02-20 23:19:00 INFO  AdactinHotelApp:114 - ************Adactin Booking Confirmation*********
2023-02-20 23:19:14 INFO  AdactinHotelApp:128 - ************Adactin Cancel Booking*********
2023-02-20 23:19:14 INFO  AdactinHotelApp:134 - ************Close Browser*********
2023-02-21 10:26:50 INFO  AdactinHotelApp:38 - ************ Launch Chrome Browser*********
2023-02-21 10:26:57 INFO  AdactinHotelApp:48 - ************ Launch Adactin Application*********
2023-02-21 10:27:06 INFO  AdactinHotelApp:59 - ************Adactin LoginPage*********
2023-02-21 10:27:12 INFO  AdactinHotelApp:77 - ************Adactin Search Hotel Page*********
2023-02-21 10:27:18 INFO  AdactinHotelApp:84 - ************Adactin Hotel Summary Page*********
2023-02-21 10:27:28 INFO  AdactinHotelApp:104 - ************Adactin Customer Information*********
2023-02-21 10:27:30 INFO  AdactinHotelApp:114 - ************Adactin Booking Confirmation*********
2023-02-21 10:27:46 INFO  AdactinHotelApp:128 - ************Adactin Cancel Booking*********
2023-02-21 10:27:47 INFO  AdactinHotelApp:134 - ************Close Browser*********
2023-02-21 21:14:33 INFO  AdactinHotelApp:38 - ************ Launch Chrome Browser*********
2023-02-21 21:14:41 INFO  AdactinHotelApp:48 - ************ Launch Adactin Application*********
2023-02-21 21:14:46 INFO  AdactinHotelApp:59 - ************Adactin LoginPage*********
2023-02-21 21:14:51 INFO  AdactinHotelApp:77 - ************Adactin Search Hotel Page*********
2023-02-21 21:14:56 INFO  AdactinHotelApp:84 - ************Adactin Hotel Summary Page*********
2023-02-21 21:15:04 INFO  AdactinHotelApp:104 - ************Adactin Customer Information*********
2023-02-21 21:15:05 INFO  AdactinHotelApp:114 - ************Adactin Booking Confirmation*********
2023-02-21 21:15:17 INFO  AdactinHotelApp:128 - ************Adactin Cancel Booking*********
2023-02-21 21:15:17 INFO  AdactinHotelApp:134 - ************Close Browser*********
2023-03-19 16:08:34 INFO  AdactinHotelApp:38 - ************ Launch Chrome Browser*********
2023-03-19 16:08:39 INFO  AdactinHotelApp:59 - ************Adactin LoginPage*********
2023-03-19 16:08:50 INFO  AdactinHotelApp:128 - ************Adactin Cancel Booking*********
2023-03-19 16:09:07 INFO  AdactinHotelApp:38 - ************ Launch Chrome Browser*********
2023-03-19 16:09:12 INFO  AdactinHotelApp:59 - ************Adactin LoginPage*********
2023-03-19 16:09:23 INFO  AdactinHotelApp:128 - ************Adactin Cancel Booking*********
2023-03-19 16:10:08 INFO  AdactinHotelApp:38 - ************ Launch Chrome Browser*********
2023-03-19 16:10:13 INFO  AdactinHotelApp:59 - ************Adactin LoginPage*********
2023-03-19 16:10:24 INFO  AdactinHotelApp:128 - ************Adactin Cancel Booking*********
2023-03-19 16:39:14 INFO  AdactinHotelApp:38 - ************ Launch Chrome Browser*********
2023-03-19 16:39:19 INFO  AdactinHotelApp:59 - ************Adactin LoginPage*********
2023-03-19 16:39:30 INFO  AdactinHotelApp:128 - ************Adactin Cancel Booking*********
2023-03-19 16:53:15 INFO  AdactinHotelApp:38 - ************ Launch Chrome Browser*********
2023-03-19 16:53:20 INFO  AdactinHotelApp:59 - ************Adactin LoginPage*********
2023-03-19 16:53:31 INFO  AdactinHotelApp:128 - ************Adactin Cancel Booking*********
2023-03-19 17:17:03 INFO  AdactinHotelApp:38 - ************ Launch Chrome Browser*********
2023-03-19 17:17:08 INFO  AdactinHotelApp:59 - ************Adactin LoginPage*********
2023-03-19 17:17:19 INFO  AdactinHotelApp:128 - ************Adactin Cancel Booking*********
2023-03-23 20:01:40 INFO  AdactinHotelApp:38 - ************ Launch Chrome Browser*********
2023-03-23 20:01:46 INFO  AdactinHotelApp:59 - ************Adactin LoginPage*********
2023-03-23 20:01:57 INFO  AdactinHotelApp:128 - ************Adactin Cancel Booking*********
2023-03-23 20:06:47 INFO  AdactinHotelApp:38 - ************ Launch Chrome Browser*********
2023-03-23 20:06:52 INFO  AdactinHotelApp:59 - ************Adactin LoginPage*********
2023-03-23 20:07:03 INFO  AdactinHotelApp:128 - ************Adactin Cancel Booking*********
2023-03-23 20:28:18 INFO  AdactinHotelApp:38 - ************ Launch Chrome Browser*********
2023-03-23 20:28:26 INFO  AdactinHotelApp:48 - ************ Launch Adactin Application*********
2023-03-23 20:28:30 INFO  AdactinHotelApp:59 - ************Adactin LoginPage*********
2023-03-23 20:28:35 INFO  AdactinHotelApp:77 - ************Adactin Search Hotel Page*********
2023-03-23 20:28:39 INFO  AdactinHotelApp:84 - ************Adactin Hotel Summary Page*********
2023-03-23 20:28:48 INFO  AdactinHotelApp:104 - ************Adactin Customer Information*********
2023-03-23 20:28:50 INFO  AdactinHotelApp:114 - ************Adactin Booking Confirmation*********
2023-03-23 20:29:02 INFO  AdactinHotelApp:128 - ************Adactin Cancel Booking*********
2023-03-23 20:29:03 INFO  AdactinHotelApp:134 - ************Close Browser*********
2024-02-20 13:57:17 INFO  AdactinHotelApp:38 - ************ Launch Chrome Browser*********
